[INFO ] 2017-03-07 00:21:46 org.springframework.test.context.TestContextManager@(TestContextManager.java:234):Could not instantiate TestExecutionListener class [org.springframework.test.context.web.ServletTestExecutionListener]. Specify custom listener classes or make the default listener classes (and their dependencies) available.
[INFO ] 2017-03-07 00:21:46 org.springframework.beans.factory.xml.XmlBeanDefinitionReader@(XmlBeanDefinitionReader.java:316):Loading XML bean definitions from URL [file:/Users/albert/Documents/workspace/AlbertBlog/target/classes/applicationContext.xml]
[INFO ] 2017-03-07 00:21:47 org.springframework.context.support.AbstractApplicationContext@(AbstractApplicationContext.java:513):Refreshing org.springframework.context.support.GenericApplicationContext@4acdd9ba: startup date [Tue Mar 07 00:21:47 CST 2017]; root of context hierarchy
[INFO ] 2017-03-07 00:21:47 org.springframework.core.io.support.PropertiesLoaderSupport@(PropertiesLoaderSupport.java:172):Loading properties file from URL [file:/Users/albert/Documents/workspace/AlbertBlog/target/classes/application.properties]
[INFO ] 2017-03-07 00:21:49 com.alibaba.druid.pool.DruidDataSource@(DruidDataSource.java:638):{dataSource-1} inited
[INFO ] 2017-03-07 00:21:49 org.springframework.context.support.AbstractApplicationContext@(AbstractApplicationContext.java:873):Closing org.springframework.context.support.GenericApplicationContext@4acdd9ba: startup date [Tue Mar 07 00:21:47 CST 2017]; root of context hierarchy
[INFO ] 2017-03-07 00:21:49 com.alibaba.druid.pool.DruidDataSource@(DruidDataSource.java:1288):{dataSource-1} closed
[INFO ] 2017-03-07 00:24:50 org.springframework.test.context.TestContextManager@(TestContextManager.java:234):Could not instantiate TestExecutionListener class [org.springframework.test.context.web.ServletTestExecutionListener]. Specify custom listener classes or make the default listener classes (and their dependencies) available.
[INFO ] 2017-03-07 00:24:50 org.springframework.beans.factory.xml.XmlBeanDefinitionReader@(XmlBeanDefinitionReader.java:316):Loading XML bean definitions from URL [file:/Users/albert/Documents/workspace/AlbertBlog/target/classes/applicationContext.xml]
[INFO ] 2017-03-07 00:24:51 org.springframework.context.support.AbstractApplicationContext@(AbstractApplicationContext.java:513):Refreshing org.springframework.context.support.GenericApplicationContext@2ab8cdc7: startup date [Tue Mar 07 00:24:51 CST 2017]; root of context hierarchy
[INFO ] 2017-03-07 00:24:51 org.springframework.core.io.support.PropertiesLoaderSupport@(PropertiesLoaderSupport.java:172):Loading properties file from URL [file:/Users/albert/Documents/workspace/AlbertBlog/target/classes/application.properties]
[INFO ] 2017-03-07 00:24:52 com.alibaba.druid.pool.DruidDataSource@(DruidDataSource.java:638):{dataSource-1} inited
[INFO ] 2017-03-07 00:24:52 org.springframework.context.support.AbstractApplicationContext@(AbstractApplicationContext.java:873):Closing org.springframework.context.support.GenericApplicationContext@2ab8cdc7: startup date [Tue Mar 07 00:24:51 CST 2017]; root of context hierarchy
[INFO ] 2017-03-07 00:24:52 com.alibaba.druid.pool.DruidDataSource@(DruidDataSource.java:1288):{dataSource-1} closed
[INFO ] 2017-03-07 00:28:54 org.springframework.test.context.TestContextManager@(TestContextManager.java:234):Could not instantiate TestExecutionListener class [org.springframework.test.context.web.ServletTestExecutionListener]. Specify custom listener classes or make the default listener classes (and their dependencies) available.
[INFO ] 2017-03-07 00:28:54 org.springframework.beans.factory.xml.XmlBeanDefinitionReader@(XmlBeanDefinitionReader.java:316):Loading XML bean definitions from URL [file:/Users/albert/Documents/workspace/AlbertBlog/target/classes/applicationContext.xml]
[INFO ] 2017-03-07 00:28:54 org.springframework.context.support.AbstractApplicationContext@(AbstractApplicationContext.java:513):Refreshing org.springframework.context.support.GenericApplicationContext@3a7109eb: startup date [Tue Mar 07 00:28:54 CST 2017]; root of context hierarchy
[INFO ] 2017-03-07 00:28:54 org.springframework.core.io.support.PropertiesLoaderSupport@(PropertiesLoaderSupport.java:172):Loading properties file from URL [file:/Users/albert/Documents/workspace/AlbertBlog/target/classes/application.properties]
[INFO ] 2017-03-07 00:28:55 com.alibaba.druid.pool.DruidDataSource@(DruidDataSource.java:638):{dataSource-1} inited
[INFO ] 2017-03-07 00:28:56 org.springframework.context.support.AbstractApplicationContext@(AbstractApplicationContext.java:873):Closing org.springframework.context.support.GenericApplicationContext@3a7109eb: startup date [Tue Mar 07 00:28:54 CST 2017]; root of context hierarchy
[INFO ] 2017-03-07 00:28:56 com.alibaba.druid.pool.DruidDataSource@(DruidDataSource.java:1288):{dataSource-1} closed
